"../../../Engine/Content/Functions/Engine_MaterialFunctions01/Opacity/CameraDepthFade.uasset" 0
"../../../Engine/Content/EngineMaterials/T_Default_Material_Grid_M.uasset" 1
"../../../Engine/Content/EngineMaterials/T_Default_Material_Grid_N.uasset" 2
"../../../Engine/Content/EngineMaterials/DefaultMaterial.uasset" 3
"../../../Engine/Content/BasicShapes/Cone.uasset" 4
"../../../Engine/Content/EngineMaterials/WorldGridMaterial.uasset" 5
"../../../Engine/Content/BasicShapes/Cube.uasset" 6
"../../../Engine/Content/BasicShapes/Cylinder.uasset" 7
"../../../Engine/Content/BasicShapes/Plane.uasset" 8
"../../../Engine/Content/BasicShapes/Sphere.uasset" 9
"../../../Engine/Content/EditorLandscapeResources/DataLayer.uasset" 10
"../../../Engine/Content/EditorMaterials/GizmoMaterial.uasset" 11
"../../../Engine/Content/EditorMaterials/MAT_Groups_Toggle.uasset" 12
"../../../Engine/Content/EditorMaterials/MAT_Groups_Visibility.uasset" 13
"../../../Engine/Content/EditorMaterials/PreviewShadowIndicator.uasset" 14
"../../../Engine/Content/EditorMaterials/PreviewShadowIndicatorMaterial.uasset" 15
"../../../Engine/Content/EditorMaterials/MatineeGroups/MAT_ColorTrack.uasset" 16
"../../../Engine/Content/EditorMaterials/MatineeGroups/MAT_Groups_Anim.uasset" 17
"../../../Engine/Content/EditorMaterials/MatineeGroups/MAT_Groups_AudioMaster.uasset" 18
"../../../Engine/Content/EditorMaterials/MatineeGroups/MAT_Groups_Director.uasset" 19
"../../../Engine/Content/EditorMaterials/MatineeGroups/MAT_Groups_Event.uasset" 20
"../../../Engine/Content/EditorMaterials/MatineeGroups/MAT_Groups_Fade.uasset" 21
"../../../Engine/Content/EditorMaterials/MatineeGroups/MAT_Groups_Float.uasset" 22
"../../../Engine/Content/EditorMaterials/MatineeGroups/MAT_Groups_Move.uasset" 23
"../../../Engine/Content/EditorMaterials/MatineeGroups/MAT_Groups_Slomo.uasset" 24
"../../../Engine/Content/EditorMaterials/MatineeGroups/MAT_Groups_Sound.uasset" 25
"../../../Engine/Content/EditorMaterials/MatineeGroups/MAT_Groups_Vector.uasset" 26
"../../../Engine/Content/EditorMaterials/ParticleSystems/PSysThumbnail_NoImage.uasset" 27
"../../../Engine/Content/EditorMaterials/ParticleSystems/PSysThumbnail_OOD.uasset" 28
"../../../Engine/Content/EditorMaterials/Camera/CineMat.uasset" 29
"../../../Engine/Content/EditorMaterials/Camera/MI_CineMat_Rig.uasset" 30
"../../../Engine/Content/EditorMeshes/Camera/SM_CraneRig_Arm.uasset" 31
"../../../Engine/Content/EditorMeshes/Camera/SM_CraneRig_Base.uasset" 32
"../../../Engine/Content/EditorMeshes/Camera/SM_CraneRig_Body.uasset" 33
"../../../Engine/Content/EditorMeshes/Camera/SM_CraneRig_Mount.uasset" 34
"../../../Engine/Content/EditorMeshes/Camera/SM_RailRig_Mount.uasset" 35
"../../../Engine/Content/EditorMeshes/Camera/SM_RailRig_Track.uasset" 36
"../../../Engine/Content/EditorMeshes/ColorCalibrator/M_ChromeBall.uasset" 37
"../../../Engine/Content/EditorMeshes/ColorCalibrator/M_ClearCoat.uasset" 38
"../../../Engine/Content/EditorMeshes/ColorCalibrator/M_ClearCoatBlack.uasset" 39
"../../../Engine/Content/EditorMeshes/ColorCalibrator/Color_checker.uasset" 40
"../../../Engine/Content/EditorMeshes/ColorCalibrator/M_ColorGrid.uasset" 41
"../../../Engine/Content/EditorMeshes/ColorCalibrator/M_GreyBall.uasset" 42
"../../../Engine/Content/EditorMeshes/ColorCalibrator/SM_ColorCalibrator.uasset" 43
"../../../Engine/Content/EditorResources/BSPVertex.uasset" 44
"../../../Engine/Content/EditorResources/EmptyActor.uasset" 45
"../../../Engine/Content/EditorResources/S_Actor.uasset" 46
"../../../Engine/Content/EditorResources/S_Trigger.uasset" 47
"../../../Engine/Content/EditorResources/LightIcons/S_LightError.uasset" 48
"../../../Engine/Content/EditorResources/SequenceRecorder/Countdown.uasset" 49
"../../../Engine/Content/EditorResources/SequenceRecorder/RecordingIndicator.uasset" 50
"../../../Engine/Content/EditorSounds/Notifications/CompileFailed.uasset" 51
"../../../Engine/Content/EditorSounds/Notifications/CompileFailed_Cue.uasset" 52
"../../../Engine/Content/EditorSounds/Notifications/CompileSuccess.uasset" 53
"../../../Engine/Content/EditorSounds/Notifications/CompileStart_Cue.uasset" 54
"../../../Engine/Content/EditorSounds/Notifications/CompileSuccess_Cue.uasset" 55
"../../../Engine/Content/EngineDamageTypes/DmgTypeBP_Environmental.uasset" 56
"../../../Engine/Content/EngineDebugMaterials/HeatmapGradient.uasset" 57
"../../../Engine/Content/EngineDebugMaterials/BoneWeightMaterial.uasset" 58
"../../../Engine/Content/EngineDebugMaterials/ClothMaterial.uasset" 59
"../../../Engine/Content/EngineDebugMaterials/ClothMaterial_WF.uasset" 60
"../../../Engine/Content/EngineDebugMaterials/DebugEditorMaterial.uasset" 61
"../../../Engine/Content/EngineDebugMaterials/DebugMeshMaterial.uasset" 62
"../../../Engine/Content/EngineDebugMaterials/GeomMaterial.uasset" 63
"../../../Engine/Content/EngineFonts/Faces/RobotoBold.uasset" 64
"../../../Engine/Content/EngineFonts/Faces/RobotoBoldItalic.uasset" 65
"../../../Engine/Content/EngineFonts/Faces/RobotoItalic.uasset" 66
"../../../Engine/Content/EngineFonts/Faces/RobotoLight.uasset" 67
"../../../Engine/Content/EngineFonts/Faces/RobotoRegular.uasset" 68
"../../../Engine/Content/EngineFonts/Roboto.uasset" 69
"../../../Engine/Content/EngineFonts/Faces/RobotoTiny.uasset" 70
"../../../Engine/Content/EngineFonts/RobotoTiny.uasset" 71
"../../../Engine/Content/EngineMaterials/DefaultBloomKernel.uasset" 72
"../../../Engine/Content/EngineMaterials/DefaultBokeh.uasset" 73
"../../../Engine/Content/EngineMaterials/DefaultDiffuse.uasset" 74
"../../../Engine/Content/EngineMaterials/DefaultDeferredDecalMaterial.uasset" 75
"../../../Engine/Content/EngineMaterials/DefaultLightFunctionMaterial.uasset" 76
"../../../Engine/Content/EngineMaterials/DefaultPhysicalMaterial.uasset" 77
"../../../Engine/Content/Functions/Engine_MaterialFunctions02/Utility/BreakOutFloat2Components.uasset" 78
"../../../Engine/Content/EngineMaterials/DefaultPostProcessMaterial.uasset" 79
"../../../Engine/Content/EngineFonts/RobotoDistanceField.uasset" 80
"../../../Engine/Content/EngineMaterials/DefaultTextMaterialOpaque.uasset" 81
"../../../Engine/Content/EngineMaterials/DefaultWhiteGrid.uasset" 82
"../../../Engine/Content/EngineMaterials/EditorBrushMaterial.uasset" 83
"../../../Engine/Content/EngineMaterials/Good64x64TilingNoiseHighFreq.uasset" 84
"../../../Engine/Content/EngineMaterials/MiniFont.uasset" 85
"../../../Engine/Content/EngineMaterials/InvalidLightmapSettings.uasset" 86
"../../../Engine/Content/EngineMaterials/M_InvalidLightmapSettings.uasset" 87
"../../../Engine/Content/Functions/Engine_MaterialFunctions02/WorldPositionOffset/CameraOffset.uasset" 88
"../../../Engine/Content/EngineMaterials/PhAT_JointLimitMaterial.uasset" 89
"../../../Engine/Content/EngineMaterials/PreintegratedSkinBRDF.uasset" 90
"../../../Engine/Content/EngineMaterials/RemoveSurfaceMaterial.uasset" 91
"../../../Engine/Content/EngineMaterials/WeightMapPlaceholderTexture.uasset" 92
"../../../Engine/Content/EngineResources/WhiteSquareTexture.uasset" 93
"../../../Engine/Content/EngineMaterials/Widget3DPassThrough.uasset" 94
"../../../Engine/Content/EngineMaterials/Widget3DPassThrough_Masked.uasset" 95
"../../../Engine/Content/EngineMaterials/Widget3DPassThrough_Opaque.uasset" 96
"../../../Engine/Content/EngineMaterials/Widget3DPassThrough_Masked_OneSided.uasset" 97
"../../../Engine/Content/EngineMaterials/Widget3DPassThrough_Opaque_OneSided.uasset" 98
"../../../Engine/Content/EngineMaterials/Widget3DPassThrough_Translucent.uasset" 99
"../../../Engine/Content/EngineMaterials/Widget3DPassThrough_Translucent_OneSided.uasset" 100
"../../../Engine/Content/EngineMeshes/Cube.uasset" 101
"../../../Engine/Content/EngineMeshes/Cylinder.uasset" 102
"../../../Engine/Content/EngineMeshes/Sphere.uasset" 103
"../../../Engine/Content/EngineResources/Black.uasset" 104
"../../../Engine/Content/EngineResources/DefaultTexture.uasset" 105
"../../../Engine/Content/EngineResources/DefaultTextureCube.uasset" 106
"../../../Engine/Content/EngineResources/GradientTexture0.uasset" 107
"../../../Engine/Content/EngineSounds/Master.uasset" 108
"../../../Engine/Content/Functions/Engine_MaterialFunctions01/Shading/ConvertFromDiffSpec.uasset" 109
"../../../Engine/Content/Functions/Engine_MaterialFunctions01/Shading/PowerToRoughness.uasset" 110
"../../../Engine/Content/Maps/Templates/Thumbnails/Default.uasset" 111
"../../../Engine/Content/Maps/Templates/Thumbnails/VR-Basic.uasset" 112
"../../../Engine/Content/MobileResources/T_MobileControls_texture.uasset" 113
"../../../Engine/Content/MobileResources/T_MobileMenu2.uasset" 114
"../../../Engine/Content/MobileResources/HUD/AnalogHat.uasset" 115
"../../../Engine/Content/MobileResources/HUD/VirtualJoystick_Background.uasset" 116
"../../../Engine/Content/MobileResources/HUD/VirtualJoystick_Thumb.uasset" 117
"../../../Engine/Content/MobileResources/HUD/DefaultVirtualJoysticks.uasset" 118
"../../../Engine/Content/MobileResources/HUD/LeftVirtualJoystickOnly.uasset" 119
"../../../Engine/Content/MobileResources/HUD/MobileHUDButton1_off.uasset" 120
"../../../Engine/Content/MobileResources/HUD/MobileHUDButton1_on.uasset" 121
"../../../Engine/Content/MobileResources/HUD/MobileHUDButton2_off.uasset" 122
"../../../Engine/Content/MobileResources/HUD/MobileHUDButton2_on.uasset" 123
"../../../Engine/Content/MobileResources/HUD/MobileHUDButton3.uasset" 124
"../../../Engine/Content/MobileResources/HUD/MobileHUDButtonFire.uasset" 125
"../../../Engine/Content/MobileResources/HUD/MobileHUDDirectionPad.uasset" 126
"../../../Engine/Content/MobileResources/HUD/MobileHUDDirectionPad2.uasset" 127
"../../../Engine/Content/MobileResources/HUD/MobileHUDDirectionPad3.uasset" 128
"../../../Engine/Content/MobileResources/HUD/MobileHUDDirectionStick.uasset" 129
"../../../Engine/Content/MobileResources/HUD/T_Castle_ThumbstickInner.uasset" 130
"../../../Engine/Content/MobileResources/HUD/T_Castle_ThumbstickOutter.uasset" 131
"../../../Engine/Content/Tutorial/ContentIntroCurve.uasset" 132
"../../../Engine/Content/Tutorial/Basics/TutorialAssets/icon_tab_Levels_40x.uasset" 133
"../../../Engine/Content/Tutorial/BlueprintTutorials/TutorialAssets/BlueprintInterface_64x.uasset" 134
"../../../Engine/Content/Tutorial/BlueprintTutorials/TutorialAssets/BlueprintMacroLibrary_64x.uasset" 135
"../../../Engine/Content/Tutorial/BlueprintTutorials/TutorialAssets/Blueprint_64x.uasset" 136
"../../../Engine/Content/Tutorial/BlueprintTutorials/TutorialAssets/Tutorial_BP_Interface.uasset" 137
"../../../Engine/Content/Tutorial/Foliage/TutorialAssets/Foliage.uasset" 138
"../../../Engine/Content/Tutorial/Landscape/TutorialAssets/Landscape.uasset" 139
"../../../Engine/Content/Tutorial/Paper2D/TutorialAssets/Paper2DFlipbook_TutorialIcon.uasset" 140
"../../../Engine/Content/Tutorial/Paper2D/TutorialAssets/Paper2DSprite_TutorialIcon.uasset" 141
"../../../Engine/Content/Tutorial/SubEditors/TutorialAssets/icon_Editor_Preferences_General_40x.uasset" 142
"../../../Engine/Content/Tutorial/SubEditors/TutorialAssets/icon_ShowSkeletalMeshes_40x.uasset" 143
"../../../Engine/Content/Tutorial/SubEditors/TutorialAssets/TutorialMaterial.uasset" 144
"../../../Engine/Content/Tutorial/SubEditors/TutorialAssets/T_SmokeSubUV_8X8.uasset" 145
"../../../Engine/Content/Tutorial/SubEditors/TutorialAssets/T_soft_smoke.uasset" 146
"../../../Engine/Content/Tutorial/SubEditors/TutorialAssets/M_smoke_subUV_blackbody.uasset" 147
"../../../Engine/Content/Tutorial/SubEditors/TutorialAssets/TutorialParticleSystem.uasset" 148
"../../../Engine/Content/VREditor/Devices/Generic/GenericHMDMaterial.uasset" 149
"../../../Engine/Content/VREditor/Devices/Generic/GenericHMD.uasset" 150
"../../../Engine/Content/Functions/Engine_MaterialFunctions02/Utility/BreakOutFloat3Components.uasset" 151
"../../../Engine/Content/VREditor/Devices/Vive/VivePreController_MasksB.uasset" 152
"../../../Engine/Content/VREditor/Devices/Oculus/OculusControllerMaterial.uasset" 153
"../../../Engine/Content/VREditor/Devices/Oculus/OculusControllerMaterial_Inst.uasset" 154
"../../../Engine/Content/VREditor/Devices/Oculus/OculusControllerMesh.uasset" 155
"../../../Engine/Content/VREditor/Devices/Vive/T_VivePreController_EM.uasset" 156
"../../../Engine/Content/VREditor/Devices/Vive/VivePreController_MasksA.uasset" 157
"../../../Engine/Content/VREditor/Devices/Vive/VivePreControllerDiffuse.uasset" 158
"../../../Engine/Content/VREditor/Devices/Vive/VivePreControllerSpec.uasset" 159
"../../../Engine/Content/VREditor/LaserPointer/VR_LaserPower_01.uasset" 160
"../../../Engine/Content/VREditor/Devices/Vive/VivePreControllerMaterial.uasset" 161
"../../../Engine/Content/VREditor/Devices/Vive/VivePreControllerMaterial_Inst.uasset" 162
"../../../Engine/Content/VREditor/Devices/Vive/VivePreControllerMesh.uasset" 163
"../../../Engine/Content/VREditor/FloatingText/LineMaterial.uasset" 164
"../../../Engine/Content/VREditor/FloatingText/JointSphere.uasset" 165
"../../../Engine/Content/VREditor/FloatingText/LineSegmentCylinder.uasset" 166
"../../../Engine/Content/VREditor/Fonts/VRText_RobotoLarge.uasset" 167
"../../../Engine/Content/VREditor/Fonts/VRTextMaterial.uasset" 168
"../../../Engine/Content/VREditor/Fonts/TranslucentVRTextMaterial.uasset" 169
"../../../Engine/Content/VREditor/LaserPointer/CursorPointer.uasset" 170
"../../../Engine/Content/VREditor/TransformGizmo/TransformGizmoMaterial.uasset" 171
"../../../Engine/Content/VREditor/LaserPointer/HoverMaterial.uasset" 172
"../../../Engine/Content/VREditor/TransformGizmo/TranslucentTransformGizmoMaterial.uasset" 173
"../../../Engine/Content/VREditor/LaserPointer/TranslucentHoverMaterial.uasset" 174
"../../../Engine/Content/VREditor/LaserPointer/HoverMesh.uasset" 175
"../../../Engine/Content/VREditor/LaserPointer/LaserPointerMaterial.uasset" 176
"../../../Engine/Content/VREditor/LaserPointer/LaserPointerMaterialInst.uasset" 177
"../../../Engine/Content/VREditor/LaserPointer/TranslucentLaserPointerMaterialInst.uasset" 178
"../../../Engine/Content/VREditor/LaserPointer/LaserPointerMesh.uasset" 179
"../../../Engine/Content/VREditor/LaserPointer/LaserPointerMesh_End.uasset" 180
"../../../Engine/Content/VREditor/LaserPointer/LaserPointerMesh_Start.uasset" 181
"../../../Engine/Content/VREditor/Sounds/VR_teleport.uasset" 182
"../../../Engine/Content/VREditor/Sounds/UI/Click_on_Button.uasset" 183
"../../../Engine/Content/VREditor/Sounds/UI/Click_on_Button_Cue.uasset" 184
"../../../Engine/Content/VREditor/Sounds/UI/Dockable_Window_Close.uasset" 185
"../../../Engine/Content/VREditor/Sounds/UI/Dockable_Window_Drop.uasset" 186
"../../../Engine/Content/VREditor/Sounds/UI/Dockable_Window_Open.uasset" 187
"../../../Engine/Content/VREditor/Sounds/UI/Dockable_Window_Pick_Up.uasset" 188
"../../../Engine/Content/VREditor/Sounds/UI/Drop_Item_From_ContentBrowser.uasset" 189
"../../../Engine/Content/VREditor/Sounds/UI/Floating_UI_Open-001.uasset" 190
"../../../Engine/Content/VREditor/Sounds/UI/Radial_Menu_FadeOut.uasset" 191
"../../../Engine/Content/VREditor/Sounds/UI/Teleport_Mode_Entered.uasset" 192
"../../../Engine/Content/VREditor/Teleport/TeleportDirectionMaterial.uasset" 193
"../../../Engine/Content/VREditor/Teleport/TeleportDirectionMaterial_Inst.uasset" 194
"../../../Engine/Content/VREditor/Teleport/TeleportDirectionMesh.uasset" 195
"../../../Engine/Content/VREditor/TransformGizmo/BoundingBoxCorner.uasset" 196
"../../../Engine/Content/VREditor/TransformGizmo/BoundingBoxEdge.uasset" 197
"../../../Engine/Content/VREditor/TransformGizmo/PlaneTranslationHandle.uasset" 198
"../../../Engine/Content/VREditor/TransformGizmo/Main.uasset" 199
"../../../Engine/Content/VREditor/TransformGizmo/Xray.uasset" 200
"../../../Engine/Content/VREditor/TransformGizmo/SM_Dialog_Close.uasset" 201
"../../../Engine/Content/VREditor/TransformGizmo/SM_Dialog_Move.uasset" 202
"../../../Engine/Content/VREditor/TransformGizmo/SM_Sequencer_Key.uasset" 203
"../../../Engine/Content/VREditor/TransformGizmo/SM_Sequencer_Node.uasset" 204
"../../../Engine/Content/VREditor/TransformGizmo/TransformGizmoMaterial_Inst.uasset" 205
"../../../Engine/Content/VREditor/TransformGizmo/TranslucentTransformGizmoMaterial_Inst.uasset" 206
"../../../Engine/Content/VREditor/Devices/Vive/UE4_Logo.uasset" 207
"../../../Engine/Content/VREditor/UI/M_ContentWindow.uasset" 208
"../../../Engine/Content/VREditor/UI/SM_ContentWindow_01.uasset" 209
"../../../Engine/Content/VREditor/UI/KeyDiskMaterial.uasset" 210
"../../../Engine/Content/VREditor/UI/DiscMaterial.uasset" 211
"../../../Engine/Content/VREditor/UI/SM_Radial_Disk.uasset" 212
"../../../Engine/Content/VREditor/UI/ArrowMaterial.uasset" 213
"../../../Engine/Content/VREditor/UI/SM_Radial_Pointer.uasset" 214
"../../../Engine/Content/Functions/Engine_MaterialFunctions01/Gradient/RadialGradient.uasset" 215
"../../../Engine/Content/VREditor/WorldMovementGrid/SimpleGrid.uasset" 216
"../../../Engine/Content/VREditor/WorldMovementGrid/GridMaterial.uasset" 217
"../../../Engine/Content/Functions/Engine_MaterialFunctions01/Density/ExponentialDensity.uasset" 218
"../../../Engine/Content/VREditor/WorldMovementGrid/GridPostProcess.uasset" 219
"../../../Engine/Content/EditorLandscapeResources/FlattenHeightMat.uasset" 220
"../../../Engine/Content/VREditor/WorldMovementGrid/PlaneMesh.uasset" 221
"../../Plugins/2D/Paper2D/Content/PlaceholderTextures/DummySpriteTexture.uasset" 222
"../../Plugins/2D/Paper2D/Content/DummySprite.uasset" 223
"../../Plugins/2D/Paper2D/Content/DefaultPaperTerrainMaterial.uasset" 224
"../../Plugins/2D/Paper2D/Content/DefaultSpriteMaterial.uasset" 225
"../../Plugins/2D/Paper2D/Content/MaskedUnlitSpriteMaterial.uasset" 226
"../../Plugins/2D/Paper2D/Content/OpaqueUnlitSpriteMaterial.uasset" 227
"../../Plugins/Media/MediaCompositing/Content/DefaultMediaPlaneTexture.uasset" 228
"../../Plugins/Media/MediaCompositing/Content/DefaultMediaPlaneMaterial.uasset" 229
"../../../Engine/Content/Functions/Engine_MaterialFunctions02/Utility/MakeFloat4.uasset" 230
"../../Plugins/Runtime/AppleARKit/Content/ARKitCameraMaterial.uasset" 231
"../../Plugins/Runtime/Oculus/OculusVR/Content/Textures/GearVRController_AO.uasset" 232
"../../Plugins/Runtime/Oculus/OculusVR/Content/Textures/GearVRController_Color.uasset" 233
"../../Plugins/Runtime/Oculus/OculusVR/Content/Textures/GearVRController_Normal.uasset" 234
"../../Plugins/Runtime/Oculus/OculusVR/Content/Materials/GearVRControllerMaterial.uasset" 235
"../../Plugins/Runtime/Oculus/OculusVR/Content/Meshes/GearVrController.uasset" 236
"../../../Engine/Content/EditorBlueprintResources/StandardMacros.uasset" 237
"../../../Engine/Content/EngineSky/C_Sky_Cloud_Color.uasset" 238
"../../../Engine/Content/EngineSky/C_Sky_Horizon_Color.uasset" 239
"../../../Engine/Content/EngineSky/C_Sky_Zenith_Color.uasset" 240
"../../../Engine/Content/EngineSky/T_Sky_Blue.uasset" 241
"../../../Engine/Content/EngineSky/T_Sky_Clouds_M.uasset" 242
"../../../Engine/Content/EngineSky/T_Sky_Stars.uasset" 243
"../../../Engine/Content/EngineSky/M_Sky_Panning_Clouds2.uasset" 244
"../../../Engine/Content/EngineSky/SM_SkySphere.uasset" 245
"../../../Engine/Content/EngineSky/BP_Sky_Sphere.uasset" 246
"C:/Users/User/Documents/Unreal Projects/MyProject2/Content/Actors/TexturesCom_WoodFine0086_7_seamless_S.uasset" 247
"C:/Users/User/Documents/Unreal Projects/MyProject2/Content/Actors/Material.uasset" 248
"C:/Users/User/Documents/Unreal Projects/MyProject2/Content/Actors/chairn.uasset" 249
"C:/Users/User/Documents/Unreal Projects/MyProject2/Content/Blueprints/chair.uasset" 250
"C:/Users/User/Documents/Unreal Projects/MyProject2/Content/Actors/Material6.uasset" 251
"C:/Users/User/Documents/Unreal Projects/MyProject2/Content/Actors/plasticBlack.uasset" 252
"C:/Users/User/Documents/Unreal Projects/MyProject2/Content/Actors/Material_022.uasset" 253
"C:/Users/User/Documents/Unreal Projects/MyProject2/Content/Actors/Material_023.uasset" 254
"C:/Users/User/Documents/Unreal Projects/MyProject2/Content/Actors/Material_024.uasset" 255
"C:/Users/User/Documents/Unreal Projects/MyProject2/Content/Actors/Material_025.uasset" 256
"C:/Users/User/Documents/Unreal Projects/MyProject2/Content/Actors/desk.uasset" 257
"C:/Users/User/Documents/Unreal Projects/MyProject2/Content/Blueprints/desk.uasset" 258
"C:/Users/User/Documents/Unreal Projects/MyProject2/Content/Actors/TexturesCom_WoodFine0011_seamless_S.uasset" 259
"C:/Users/User/Documents/Unreal Projects/MyProject2/Content/Actors/Material5.uasset" 260
"C:/Users/User/Documents/Unreal Projects/MyProject2/Content/Actors/yellowMetal.uasset" 261
"C:/Users/User/Documents/Unreal Projects/MyProject2/Content/Actors/Material_012.uasset" 262
"C:/Users/User/Documents/Unreal Projects/MyProject2/Content/Actors/redPlastic.uasset" 263
"C:/Users/User/Documents/Unreal Projects/MyProject2/Content/Actors/Material_013.uasset" 264
"C:/Users/User/Documents/Unreal Projects/MyProject2/Content/Actors/30-Old.uasset" 265
"C:/Users/User/Documents/Unreal Projects/MyProject2/Content/Actors/Material_014.uasset" 266
"C:/Users/User/Documents/Unreal Projects/MyProject2/Content/Actors/greenbook.uasset" 267
"C:/Users/User/Documents/Unreal Projects/MyProject2/Content/Actors/Material_015.uasset" 268
"C:/Users/User/Documents/Unreal Projects/MyProject2/Content/Actors/seamless-book-cover-textures-6.uasset" 269
"C:/Users/User/Documents/Unreal Projects/MyProject2/Content/Actors/Material_016.uasset" 270
"C:/Users/User/Documents/Unreal Projects/MyProject2/Content/Actors/graybook.uasset" 271
"C:/Users/User/Documents/Unreal Projects/MyProject2/Content/Actors/Material_017.uasset" 272
"C:/Users/User/Documents/Unreal Projects/MyProject2/Content/Actors/greenBrokeBook.uasset" 273
"C:/Users/User/Documents/Unreal Projects/MyProject2/Content/Actors/Material_018.uasset" 274
"C:/Users/User/Documents/Unreal Projects/MyProject2/Content/Actors/Material_019.uasset" 275
"C:/Users/User/Documents/Unreal Projects/MyProject2/Content/Actors/TexturesCom_WoodStudded0004_1_S.uasset" 276
"C:/Users/User/Documents/Unreal Projects/MyProject2/Content/Actors/Material_020.uasset" 277
"C:/Users/User/Documents/Unreal Projects/MyProject2/Content/Actors/TexturesCom_AnimalsVarious0067_1_S.uasset" 278
"C:/Users/User/Documents/Unreal Projects/MyProject2/Content/Actors/Material_021.uasset" 279
"C:/Users/User/Documents/Unreal Projects/MyProject2/Content/Actors/shelf.uasset" 280
"C:/Users/User/Documents/Unreal Projects/MyProject2/Content/Blueprints/shelf.uasset" 281
"C:/Users/User/Documents/Unreal Projects/MyProject2/Content/Actors/TexturesCom_Carpet0005_1_seamless_S.uasset" 282
"C:/Users/User/Documents/Unreal Projects/MyProject2/Content/Actors/Material_002.uasset" 283
"C:/Users/User/Documents/Unreal Projects/MyProject2/Content/Actors/chair2.uasset" 284
"C:/Users/User/Documents/Unreal Projects/MyProject2/Content/Blueprints/sofa.uasset" 285
"C:/Users/User/Documents/Unreal Projects/MyProject2/Content/Actors/TexturesCom_WoodFine0024_seamless_S.uasset" 286
"C:/Users/User/Documents/Unreal Projects/MyProject2/Content/Actors/Material_001.uasset" 287
"C:/Users/User/Documents/Unreal Projects/MyProject2/Content/Actors/table.uasset" 288
"C:/Users/User/Documents/Unreal Projects/MyProject2/Content/Blueprints/table.uasset" 289
"C:/Users/User/Documents/Unreal Projects/MyProject2/Content/Actors/Material2.uasset" 290
"C:/Users/User/Documents/Unreal Projects/MyProject2/Content/Actors/Material_006.uasset" 291
"C:/Users/User/Documents/Unreal Projects/MyProject2/Content/Actors/screen.uasset" 292
"C:/Users/User/Documents/Unreal Projects/MyProject2/Content/Actors/Material_007.uasset" 293
"C:/Users/User/Documents/Unreal Projects/MyProject2/Content/Actors/TV.uasset" 294
"C:/Users/User/Documents/Unreal Projects/MyProject2/Content/Blueprints/TV.uasset" 295
"C:/Users/User/Documents/Unreal Projects/MyProject2/Content/Actors/TexturesCom_WoodFine0077_6_seamless_S.uasset" 296
"C:/Users/User/Documents/Unreal Projects/MyProject2/Content/Actors/Material3.uasset" 297
"C:/Users/User/Documents/Unreal Projects/MyProject2/Content/Actors/Material_008.uasset" 298
"C:/Users/User/Documents/Unreal Projects/MyProject2/Content/Actors/Material_009.uasset" 299
"C:/Users/User/Documents/Unreal Projects/MyProject2/Content/Actors/Material_010.uasset" 300
"C:/Users/User/Documents/Unreal Projects/MyProject2/Content/Actors/Material_011.uasset" 301
"C:/Users/User/Documents/Unreal Projects/MyProject2/Content/Actors/TVshelf.uasset" 302
"C:/Users/User/Documents/Unreal Projects/MyProject2/Content/Blueprints/TVshelf.uasset" 303
"C:/Users/User/Documents/Unreal Projects/MyProject2/Content/Actors/TexturesCom_Murals0015_1_S.uasset" 304
"C:/Users/User/Documents/Unreal Projects/MyProject2/Content/Actors/Material_003.uasset" 305
"C:/Users/User/Documents/Unreal Projects/MyProject2/Content/Actors/vase.uasset" 306
"C:/Users/User/Documents/Unreal Projects/MyProject2/Content/Blueprints/vase.uasset" 307
"C:/Users/User/Documents/Unreal Projects/MyProject2/Content/Maps/Help.uasset" 308
"C:/Users/User/Documents/Unreal Projects/MyProject2/Content/Maps/Ingame.uasset" 309
"C:/Users/User/Documents/Unreal Projects/MyProject2/Content/Pictures/Main.uasset" 310
"C:/Users/User/Documents/Unreal Projects/MyProject2/Content/Pictures/quit.uasset" 311
"C:/Users/User/Documents/Unreal Projects/MyProject2/Content/Pictures/quitBig.uasset" 312
"C:/Users/User/Documents/Unreal Projects/MyProject2/Content/Pictures/quitSmall.uasset" 313
"C:/Users/User/Documents/Unreal Projects/MyProject2/Content/Pictures/start.uasset" 314
"C:/Users/User/Documents/Unreal Projects/MyProject2/Content/Pictures/startBig.uasset" 315
"C:/Users/User/Documents/Unreal Projects/MyProject2/Content/Pictures/startSmall.uasset" 316
"C:/Users/User/Documents/Unreal Projects/MyProject2/Content/Maps/MenuWidget.uasset" 317
"C:/Users/User/Documents/Unreal Projects/MyProject2/Content/Maps/MainGameInstance.uasset" 318
"C:/Users/User/Documents/Unreal Projects/MyProject2/Content/Pictures/aim.uasset" 319
"C:/Users/User/Documents/Unreal Projects/MyProject2/Content/Pictures/chair.uasset" 320
"C:/Users/User/Documents/Unreal Projects/MyProject2/Content/Maps/gameWidget.uasset" 321
"C:/Users/User/Documents/Unreal Projects/MyProject2/Content/Pictures/desk.uasset" 322
"C:/Users/User/Documents/Unreal Projects/MyProject2/Content/Pictures/shelf.uasset" 323
"C:/Users/User/Documents/Unreal Projects/MyProject2/Content/Pictures/sofa.uasset" 324
"C:/Users/User/Documents/Unreal Projects/MyProject2/Content/Pictures/table.uasset" 325
"C:/Users/User/Documents/Unreal Projects/MyProject2/Content/Pictures/TV.uasset" 326
"C:/Users/User/Documents/Unreal Projects/MyProject2/Content/Pictures/TVshelf.uasset" 327
"C:/Users/User/Documents/Unreal Projects/MyProject2/Content/Pictures/vase.uasset" 328
"C:/Users/User/Documents/Unreal Projects/MyProject2/Content/gameCharacter.uasset" 329
"C:/Users/User/Documents/Unreal Projects/MyProject2/Content/Myctrl.uasset" 330
"C:/Users/User/Documents/Unreal Projects/MyProject2/Content/Mymode.uasset" 331
"C:/Users/User/Documents/Unreal Projects/MyProject2/Content/Maps/LRoom_BuiltData.uasset" 332
"C:/Users/User/Documents/Unreal Projects/MyProject2/Content/StarterContent/Materials/M_Basic_Floor.uasset" 333
"C:/Users/User/Documents/Unreal Projects/MyProject2/Content/StarterContent/Materials/M_Basic_Wall.uasset" 334
"../../../Engine/Content/Functions/Engine_MaterialFunctions01/Opacity/AlphaOffset.uasset" 335
"C:/Users/User/Documents/Unreal Projects/MyProject2/Content/StarterContent/Textures/T_MacroVariation.uasset" 336
"C:/Users/User/Documents/Unreal Projects/MyProject2/Content/StarterContent/Textures/T_Wood_Floor_Walnut_D.uasset" 337
"C:/Users/User/Documents/Unreal Projects/MyProject2/Content/StarterContent/Textures/T_Wood_Floor_Walnut_M.uasset" 338
"C:/Users/User/Documents/Unreal Projects/MyProject2/Content/StarterContent/Textures/T_Wood_Floor_Walnut_N.uasset" 339
"C:/Users/User/Documents/Unreal Projects/MyProject2/Content/StarterContent/Materials/M_Wood_Floor_Walnut_Worn.uasset" 340
"../../../Engine/Content/MapTemplates/SM_Template_Map_Floor.uasset" 341
"C:/Users/User/Documents/Unreal Projects/MyProject2/Content/StarterContent/Textures/T_Lamp_M.uasset" 342
"C:/Users/User/Documents/Unreal Projects/MyProject2/Content/StarterContent/Textures/T_Lamp_N.uasset" 343
"C:/Users/User/Documents/Unreal Projects/MyProject2/Content/StarterContent/Props/Materials/M_Lamp.uasset" 344
"C:/Users/User/Documents/Unreal Projects/MyProject2/Content/StarterContent/Props/SM_Lamp_Ceiling.uasset" 345
"C:/Users/User/Documents/Unreal Projects/MyProject2/Content/Maps/LRoom.umap" 346
"C:/Users/User/Documents/Unreal Projects/MyProject2/Content/Maps/MainMenu_BuiltData.uasset" 347
"C:/Users/User/Documents/Unreal Projects/MyProject2/Content/Maps/MainMenu.umap" 348
"../../../Engine/Content/Maps/Entry.umap" 349
